<?xml version="1.0" encoding="UTF-8"?>
<testng-results ignored="0" total="1" passed="1" failed="0" skipped="0">
  <reporter-output>
  </reporter-output>
  <suite started-at="2021-09-14T22:19:18 BDT" name="teqtestCases.NewRequestTest" finished-at="2021-09-14T22:21:15 BDT" duration-ms="117044">
    <groups>
    </groups>
    <test started-at="2021-09-14T22:19:18 BDT" name="Test1" finished-at="2021-09-14T22:21:15 BDT" duration-ms="117044">
      <class name="teqtestCases.NewRequestTest">
        <test-method is-config="true" signature="GetBrowserName(java.lang.String)[pri:0, instance:teqtestCases.NewRequestTest@1e6454ec]" started-at="2021-09-14T22:19:18 BDT" name="GetBrowserName" finished-at="2021-09-14T22:19:18 BDT" duration-ms="19" status="PASS">
          <params>
            <param index="0">
              <value>
                <![CDATA[chrome]]>
              </value>
            </param>
          </params>
          <reporter-output>
          </reporter-output>
        </test-method> <!-- GetBrowserName -->
        <test-method is-config="true" signature="initialization()[pri:0, instance:teqtestCases.NewRequestTest@1e6454ec]" started-at="2021-09-14T22:19:18 BDT" name="initialization" finished-at="2021-09-14T22:19:51 BDT" duration-ms="33007" status="PASS">
          <reporter-output>
          </reporter-output>
        </test-method> <!-- initialization -->
        <test-method signature="Signup(java.lang.String,java.lang.String,java.lang.String,java.lang.String,java.lang.String)[pri:1, instance:teqtestCases.NewRequestTest@1e6454ec]" started-at="2021-09-14T22:19:58 BDT" name="Signup" data-provider="Signup" finished-at="2021-09-14T22:21:15 BDT" duration-ms="76753" status="PASS">
          <params>
            <param index="0">
              <value>
                <![CDATA[Jamal]]>
              </value>
            </param>
            <param index="1">
              <value>
                <![CDATA[Uddin]]>
              </value>
            </param>
            <param index="2">
              <value>
                <![CDATA[1234567809]]>
              </value>
            </param>
            <param index="3">
              <value>
                <![CDATA[customer013@yopmail.com]]>
              </value>
            </param>
            <param index="4">
              <value>
                <![CDATA[106$ty0hgmk]]>
              </value>
            </param>
          </params>
          <reporter-output>
          </reporter-output>
        </test-method> <!-- Signup -->
      </class> <!-- teqtestCases.NewRequestTest -->
    </test> <!-- Test1 -->
  </suite> <!-- teqtestCases.NewRequestTest -->
</testng-results>
